{"meta": {"version": "6.0.2", "timestamp": "2021-10-26T23:42:46.499086", "branch_coverage": false, "show_contexts": false}, "files": {"API/ClusterHealth/views.py": {"executed_lines": [1, 2, 3, 4, 5, 6, 7, 8, 9, 11, 16, 18, 19, 24], "summary": {"covered_lines": 14, "num_statements": 16, "percent_covered": 87.5, "percent_covered_display": "88", "missing_lines": 2, "excluded_lines": 0}, "missing_lines": [12, 13], "excluded_lines": []}, "API/__init__.py": {"executed_lines": [1, 2, 3, 4, 5, 6, 7, 8, 9, 11, 16, 17, 18, 19, 20], "summary": {"covered_lines": 14, "num_statements": 18, "percent_covered": 77.77777777777777, "percent_covered_display": "78", "missing_lines": 4, "excluded_lines": 0}, "missing_lines": [12, 13, 15, 30], "excluded_lines": []}, "app.py": {"executed_lines": [1, 2, 4, 5, 13, 14], "summary": {"covered_lines": 6, "num_statements": 12, "percent_covered": 50.0, "percent_covered_display": "50", "missing_lines": 6, "excluded_lines": 0}, "missing_lines": [10, 11, 16, 17, 19, 20], "excluded_lines": []}, "test_unittest_api.py": {"executed_lines": [1, 2, 3, 4, 5, 6, 7, 8, 9, 11, 15, 17, 18, 20, 22, 23, 25, 27, 30, 32, 34, 36, 38, 43, 44, 45, 46, 48, 53, 54, 55, 56, 59], "summary": {"covered_lines": 32, "num_statements": 50, "percent_covered": 64.0, "percent_covered_display": "64", "missing_lines": 18, "excluded_lines": 0}, "missing_lines": [12, 13, 58, 63, 64, 65, 66, 67, 68, 71, 77, 78, 79, 80, 81, 82, 85, 86], "excluded_lines": []}}, "totals": {"covered_lines": 66, "num_statements": 96, "percent_covered": 68.75, "percent_covered_display": "69", "missing_lines": 30, "excluded_lines": 0}}